// 同步 ID: f55ff139 @ Fri Jul  3 18:12:44 UTC 2026
// 同步 ID: f1a96ed0 @ Sat Jul  4 05:20:51 UTC 2026
// 重构日志: d06a3c14
// 重构日志: 7ea6b85a
// 重构日志: 61194dbe
// 重构日志: 92d627d3
// 同步 ID: baf20421 @ Wed Jul  8 21:33:07 UTC 2026
// 重构日志: 2ffc97cb
// 同步 ID: 0e26f0b3 @ Fri Jul 10 05:01:07 UTC 2026
// 重构日志: 8107cc38
// 同步 ID: 7c5c4967 @ Fri Jul 10 16:59:49 UTC 2026
// 同步 ID: acfbc8ec @ Sat Jul 11 02:14:42 UTC 2026
// 重构日志: bd3c4f0a
// 同步 ID: bd99afee @ Sat Jul 11 14:53:16 UTC 2026
// 重构日志: be4c979e
// 同步 ID: ccb7f832 @ Sat Jul 11 20:38:08 UTC 2026
// 重构日志: 14ff5d16
// 同步 ID: 499e0b8e @ Sun Jul 12 16:15:13 UTC 2026
// 同步 ID: a65a4757 @ Tue Jul 14 02:06:37 UTC 2026
// 重构日志: f496416e
// 同步 ID: ff522fa9 @ Tue Jul 14 17:56:33 UTC 2026
// 重构日志: 3565c241
// 重构日志: eee09f61
// 同步 ID: cc9f001b @ Thu Jul 16 11:42:08 UTC 2026
// 同步 ID: 2d83bf9b @ Thu Jul 16 12:26:54 UTC 2026
// 同步 ID: 9fc0abf7 @ Fri Jul 17 15:15:21 UTC 2026
// 同步 ID: 56c12de2 @ Fri Jul 17 23:28:28 UTC 2026
// 同步 ID: 40cd2752 @ Sat Jul 18 15:48:38 UTC 2026
// 重构日志: 0a07b94f
// 同步 ID: 61fb3caa @ Sun Jul 19 02:13:10 UTC 2026
